<?xml version="1.0" encoding="UTF-8"?>
<!-- Generated by org.testng.reporters.JUnitReportReporter -->
<testsuite hostname="DESKTOP-0OH831K" failures="0" tests="4" name="magentoWebSiteTest.MyTest" time="17.890" errors="0" timestamp="2024-08-11T15:51:13 EET" skipped="0">
  <testcase classname="magentoWebSiteTest.MyTest" name="createAnAccount" time="6.619"/>
  <system-out/>
  <testcase classname="magentoWebSiteTest.MyTest" name="AddmenItem" time="3.115"/>
  <system-out/>
  <testcase classname="magentoWebSiteTest.MyTest" name="LogOut" time="3.182"/>
  <system-out/>
  <testcase classname="magentoWebSiteTest.MyTest" name="logIn" time="4.974"/>
  <system-out/>
</testsuite> <!-- magentoWebSiteTest.MyTest -->
